# Logfile created on 2013-08-28 20:54:58 -0400 by logger.rb/31641
D, [2013-08-28T20:54:58.497182 #17700] DEBUG -- : REQUESTING PAGE: GET / with {} and HTTP headers {}
D, [2013-08-28T20:54:58.539185 #17700] DEBUG -- : REQUESTING PAGE: GET /about with {} and HTTP headers {"HTTP_REFERER"=>"/"}
D, [2013-08-28T20:54:58.574187 #17700] DEBUG -- : REQUESTING PAGE: GET /help with {} and HTTP headers {"HTTP_REFERER"=>"/about"}
D, [2013-08-28T20:54:58.591188 #17700] DEBUG -- : REQUESTING PAGE: GET / with {} and HTTP headers {"HTTP_REFERER"=>"/help"}
D, [2013-08-28T20:54:58.603188 #17700] DEBUG -- : REQUESTING PAGE: GET /signup with {} and HTTP headers {"HTTP_REFERER"=>"/"}
D, [2013-09-04T18:32:18.670507 #4688] DEBUG -- : REQUESTING PAGE: GET / with {} and HTTP headers {}
D, [2013-09-04T18:32:18.682508 #4688] DEBUG -- : REQUESTING PAGE: GET /about with {} and HTTP headers {"HTTP_REFERER"=>"/"}
D, [2013-09-04T18:32:18.694508 #4688] DEBUG -- : REQUESTING PAGE: GET /help with {} and HTTP headers {"HTTP_REFERER"=>"/about"}
D, [2013-09-04T18:32:18.708509 #4688] DEBUG -- : REQUESTING PAGE: GET / with {} and HTTP headers {"HTTP_REFERER"=>"/help"}
D, [2013-09-04T18:32:18.721510 #4688] DEBUG -- : REQUESTING PAGE: GET /signup with {} and HTTP headers {"HTTP_REFERER"=>"/"}
D, [2013-09-04T18:39:39.009693 #8244] DEBUG -- : REQUESTING PAGE: GET / with {} and HTTP headers {}
D, [2013-09-04T18:39:39.019694 #8244] DEBUG -- : REQUESTING PAGE: GET /about with {} and HTTP headers {"HTTP_REFERER"=>"/"}
D, [2013-09-04T18:39:39.032694 #8244] DEBUG -- : REQUESTING PAGE: GET /help with {} and HTTP headers {"HTTP_REFERER"=>"/about"}
D, [2013-09-04T18:39:39.044695 #8244] DEBUG -- : REQUESTING PAGE: GET / with {} and HTTP headers {"HTTP_REFERER"=>"/help"}
D, [2013-09-04T18:39:39.057696 #8244] DEBUG -- : REQUESTING PAGE: GET /signup with {} and HTTP headers {"HTTP_REFERER"=>"/"}
D, [2013-09-04T18:45:09.878618 #8120] DEBUG -- : REQUESTING PAGE: GET / with {} and HTTP headers {}
D, [2013-09-04T18:45:09.890618 #8120] DEBUG -- : REQUESTING PAGE: GET /about with {} and HTTP headers {"HTTP_REFERER"=>"/"}
D, [2013-09-04T18:45:09.904619 #8120] DEBUG -- : REQUESTING PAGE: GET /help with {} and HTTP headers {"HTTP_REFERER"=>"/about"}
D, [2013-09-04T18:45:09.917620 #8120] DEBUG -- : REQUESTING PAGE: GET / with {} and HTTP headers {"HTTP_REFERER"=>"/help"}
D, [2013-09-04T18:45:09.954622 #8120] DEBUG -- : REQUESTING PAGE: GET /signup with {} and HTTP headers {"HTTP_REFERER"=>"/"}
D, [2013-09-04T18:48:19.891486 #10292] DEBUG -- : REQUESTING PAGE: GET / with {} and HTTP headers {}
D, [2013-09-04T18:48:19.902486 #10292] DEBUG -- : REQUESTING PAGE: GET /about with {} and HTTP headers {"HTTP_REFERER"=>"/"}
D, [2013-09-04T18:48:19.914487 #10292] DEBUG -- : REQUESTING PAGE: GET /help with {} and HTTP headers {"HTTP_REFERER"=>"/about"}
D, [2013-09-04T18:48:19.927488 #10292] DEBUG -- : REQUESTING PAGE: GET / with {} and HTTP headers {"HTTP_REFERER"=>"/help"}
D, [2013-09-04T18:48:19.965490 #10292] DEBUG -- : REQUESTING PAGE: GET /signup with {} and HTTP headers {"HTTP_REFERER"=>"/"}
D, [2013-09-04T18:52:56.271294 #18072] DEBUG -- : REQUESTING PAGE: GET / with {} and HTTP headers {}
D, [2013-09-04T18:52:56.283294 #18072] DEBUG -- : REQUESTING PAGE: GET /about with {} and HTTP headers {"HTTP_REFERER"=>"/"}
D, [2013-09-04T18:52:56.294295 #18072] DEBUG -- : REQUESTING PAGE: GET /help with {} and HTTP headers {"HTTP_REFERER"=>"/about"}
D, [2013-09-04T18:52:56.307296 #18072] DEBUG -- : REQUESTING PAGE: GET / with {} and HTTP headers {"HTTP_REFERER"=>"/help"}
D, [2013-09-04T18:52:56.344298 #18072] DEBUG -- : REQUESTING PAGE: GET /signup with {} and HTTP headers {"HTTP_REFERER"=>"/"}
D, [2013-09-04T19:04:48.485030 #20744] DEBUG -- : REQUESTING PAGE: GET / with {} and HTTP headers {}
D, [2013-09-04T19:04:48.495031 #20744] DEBUG -- : REQUESTING PAGE: GET /about with {} and HTTP headers {"HTTP_REFERER"=>"/"}
D, [2013-09-04T19:04:48.509031 #20744] DEBUG -- : REQUESTING PAGE: GET /help with {} and HTTP headers {"HTTP_REFERER"=>"/about"}
D, [2013-09-04T19:04:48.545033 #20744] DEBUG -- : REQUESTING PAGE: GET / with {} and HTTP headers {"HTTP_REFERER"=>"/help"}
D, [2013-09-04T19:04:48.558034 #20744] DEBUG -- : REQUESTING PAGE: GET /signup with {} and HTTP headers {"HTTP_REFERER"=>"/"}
D, [2013-09-04T19:14:36.701674 #21196] DEBUG -- : REQUESTING PAGE: GET / with {} and HTTP headers {}
D, [2013-09-04T19:14:36.712675 #21196] DEBUG -- : REQUESTING PAGE: GET /about with {} and HTTP headers {"HTTP_REFERER"=>"/"}
D, [2013-09-04T19:14:36.724675 #21196] DEBUG -- : REQUESTING PAGE: GET /help with {} and HTTP headers {"HTTP_REFERER"=>"/about"}
D, [2013-09-04T19:14:36.735676 #21196] DEBUG -- : REQUESTING PAGE: GET / with {} and HTTP headers {"HTTP_REFERER"=>"/help"}
D, [2013-09-04T19:14:36.747677 #21196] DEBUG -- : REQUESTING PAGE: GET /signup with {} and HTTP headers {"HTTP_REFERER"=>"/"}
D, [2013-09-04T19:20:05.487480 #6424] DEBUG -- : REQUESTING PAGE: GET / with {} and HTTP headers {}
D, [2013-09-04T19:20:05.499480 #6424] DEBUG -- : REQUESTING PAGE: GET /about with {} and HTTP headers {"HTTP_REFERER"=>"/"}
D, [2013-09-04T19:20:05.512481 #6424] DEBUG -- : REQUESTING PAGE: GET /help with {} and HTTP headers {"HTTP_REFERER"=>"/about"}
D, [2013-09-04T19:20:05.524482 #6424] DEBUG -- : REQUESTING PAGE: GET / with {} and HTTP headers {"HTTP_REFERER"=>"/help"}
D, [2013-09-04T19:20:05.536482 #6424] DEBUG -- : REQUESTING PAGE: GET /signup with {} and HTTP headers {"HTTP_REFERER"=>"/"}
D, [2013-09-10T20:48:33.288790 #13032] DEBUG -- : REQUESTING PAGE: GET / with {} and HTTP headers {}
D, [2013-09-10T20:48:33.334793 #13032] DEBUG -- : REQUESTING PAGE: GET /about with {} and HTTP headers {"HTTP_REFERER"=>"/"}
D, [2013-09-10T20:48:33.362794 #13032] DEBUG -- : REQUESTING PAGE: GET /help with {} and HTTP headers {"HTTP_REFERER"=>"/about"}
D, [2013-09-10T20:48:33.374795 #13032] DEBUG -- : REQUESTING PAGE: GET / with {} and HTTP headers {"HTTP_REFERER"=>"/help"}
D, [2013-09-10T20:48:33.386796 #13032] DEBUG -- : REQUESTING PAGE: GET /signup with {} and HTTP headers {"HTTP_REFERER"=>"/"}
D, [2013-09-10T21:14:41.384480 #20488] DEBUG -- : REQUESTING PAGE: GET / with {} and HTTP headers {}
D, [2013-09-10T21:14:41.394481 #20488] DEBUG -- : REQUESTING PAGE: GET /about with {} and HTTP headers {"HTTP_REFERER"=>"/"}
D, [2013-09-10T21:14:41.405481 #20488] DEBUG -- : REQUESTING PAGE: GET /help with {} and HTTP headers {"HTTP_REFERER"=>"/about"}
D, [2013-09-10T21:14:41.416482 #20488] DEBUG -- : REQUESTING PAGE: GET / with {} and HTTP headers {"HTTP_REFERER"=>"/help"}
D, [2013-09-10T21:14:41.428483 #20488] DEBUG -- : REQUESTING PAGE: GET /signup with {} and HTTP headers {"HTTP_REFERER"=>"/"}
D, [2013-09-10T21:39:29.290583 #4228] DEBUG -- : REQUESTING PAGE: GET / with {} and HTTP headers {}
D, [2013-09-10T21:39:29.301584 #4228] DEBUG -- : REQUESTING PAGE: GET /about with {} and HTTP headers {"HTTP_REFERER"=>"/"}
D, [2013-09-10T21:39:29.312585 #4228] DEBUG -- : REQUESTING PAGE: GET /help with {} and HTTP headers {"HTTP_REFERER"=>"/about"}
D, [2013-09-10T21:39:29.323585 #4228] DEBUG -- : REQUESTING PAGE: GET / with {} and HTTP headers {"HTTP_REFERER"=>"/help"}
D, [2013-09-10T21:39:29.335586 #4228] DEBUG -- : REQUESTING PAGE: GET /signup with {} and HTTP headers {"HTTP_REFERER"=>"/"}
D, [2013-09-10T22:27:07.798081 #9156] DEBUG -- : REQUESTING PAGE: GET / with {} and HTTP headers {}
D, [2013-09-10T22:27:07.808081 #9156] DEBUG -- : REQUESTING PAGE: GET /about with {} and HTTP headers {"HTTP_REFERER"=>"/"}
D, [2013-09-10T22:27:07.846083 #9156] DEBUG -- : REQUESTING PAGE: GET /help with {} and HTTP headers {"HTTP_REFERER"=>"/about"}
D, [2013-09-10T22:27:07.858084 #9156] DEBUG -- : REQUESTING PAGE: GET / with {} and HTTP headers {"HTTP_REFERER"=>"/help"}
D, [2013-09-10T22:27:07.870085 #9156] DEBUG -- : REQUESTING PAGE: GET /signup with {} and HTTP headers {"HTTP_REFERER"=>"/"}
D, [2013-09-11T21:54:28.721530 #8036] DEBUG -- : REQUESTING PAGE: GET / with {} and HTTP headers {}
D, [2013-09-11T21:54:28.734531 #8036] DEBUG -- : REQUESTING PAGE: GET /about with {} and HTTP headers {"HTTP_REFERER"=>"/"}
D, [2013-09-11T21:54:28.747532 #8036] DEBUG -- : REQUESTING PAGE: GET /help with {} and HTTP headers {"HTTP_REFERER"=>"/about"}
D, [2013-09-11T21:54:28.760532 #8036] DEBUG -- : REQUESTING PAGE: GET / with {} and HTTP headers {"HTTP_REFERER"=>"/help"}
D, [2013-09-11T21:54:28.773533 #8036] DEBUG -- : REQUESTING PAGE: GET /signup with {} and HTTP headers {"HTTP_REFERER"=>"/"}
D, [2013-09-11T22:02:45.764959 #4452] DEBUG -- : REQUESTING PAGE: GET / with {} and HTTP headers {}
D, [2013-09-11T22:02:45.776960 #4452] DEBUG -- : REQUESTING PAGE: GET /about with {} and HTTP headers {"HTTP_REFERER"=>"/"}
D, [2013-09-11T22:02:45.788961 #4452] DEBUG -- : REQUESTING PAGE: GET /help with {} and HTTP headers {"HTTP_REFERER"=>"/about"}
D, [2013-09-11T22:02:45.800961 #4452] DEBUG -- : REQUESTING PAGE: GET / with {} and HTTP headers {"HTTP_REFERER"=>"/help"}
D, [2013-09-11T22:02:45.813962 #4452] DEBUG -- : REQUESTING PAGE: GET /signup with {} and HTTP headers {"HTTP_REFERER"=>"/"}
D, [2013-09-11T22:49:15.474522 #12888] DEBUG -- : REQUESTING PAGE: GET / with {} and HTTP headers {}
D, [2013-09-11T22:49:15.486522 #12888] DEBUG -- : REQUESTING PAGE: GET /about with {} and HTTP headers {"HTTP_REFERER"=>"/"}
D, [2013-09-11T22:49:15.524525 #12888] DEBUG -- : REQUESTING PAGE: GET /help with {} and HTTP headers {"HTTP_REFERER"=>"/about"}
D, [2013-09-11T22:49:15.538525 #12888] DEBUG -- : REQUESTING PAGE: GET / with {} and HTTP headers {"HTTP_REFERER"=>"/help"}
D, [2013-09-11T22:49:15.551526 #12888] DEBUG -- : REQUESTING PAGE: GET /signup with {} and HTTP headers {"HTTP_REFERER"=>"/"}
D, [2013-09-17T20:07:59.814530 #8964] DEBUG -- : REQUESTING PAGE: GET / with {} and HTTP headers {}
D, [2013-09-17T20:07:59.822531 #8964] DEBUG -- : REQUESTING PAGE: GET /about with {} and HTTP headers {"HTTP_REFERER"=>"/"}
D, [2013-09-17T20:07:59.853533 #8964] DEBUG -- : REQUESTING PAGE: GET /help with {} and HTTP headers {"HTTP_REFERER"=>"/about"}
D, [2013-09-17T20:07:59.863533 #8964] DEBUG -- : REQUESTING PAGE: GET / with {} and HTTP headers {"HTTP_REFERER"=>"/help"}
D, [2013-09-17T20:07:59.872534 #8964] DEBUG -- : REQUESTING PAGE: GET /signup with {} and HTTP headers {"HTTP_REFERER"=>"/"}
D, [2013-09-17T20:13:33.521617 #7852] DEBUG -- : REQUESTING PAGE: GET / with {} and HTTP headers {}
D, [2013-09-17T20:13:33.529618 #7852] DEBUG -- : REQUESTING PAGE: GET /about with {} and HTTP headers {"HTTP_REFERER"=>"/"}
D, [2013-09-17T20:13:33.538618 #7852] DEBUG -- : REQUESTING PAGE: GET /help with {} and HTTP headers {"HTTP_REFERER"=>"/about"}
D, [2013-09-17T20:13:33.547619 #7852] DEBUG -- : REQUESTING PAGE: GET / with {} and HTTP headers {"HTTP_REFERER"=>"/help"}
D, [2013-09-17T20:13:33.556619 #7852] DEBUG -- : REQUESTING PAGE: GET /signup with {} and HTTP headers {"HTTP_REFERER"=>"/"}
D, [2013-09-17T21:00:30.369732 #9276] DEBUG -- : REQUESTING PAGE: GET / with {} and HTTP headers {}
D, [2013-09-17T21:00:30.377732 #9276] DEBUG -- : REQUESTING PAGE: GET /about with {} and HTTP headers {"HTTP_REFERER"=>"/"}
D, [2013-09-17T21:00:30.386733 #9276] DEBUG -- : REQUESTING PAGE: GET /help with {} and HTTP headers {"HTTP_REFERER"=>"/about"}
D, [2013-09-17T21:00:30.395733 #9276] DEBUG -- : REQUESTING PAGE: GET / with {} and HTTP headers {"HTTP_REFERER"=>"/help"}
D, [2013-09-17T21:00:30.405734 #9276] DEBUG -- : REQUESTING PAGE: GET /signup with {} and HTTP headers {"HTTP_REFERER"=>"/"}
D, [2013-09-17T21:00:43.860503 #9608] DEBUG -- : REQUESTING PAGE: GET / with {} and HTTP headers {}
D, [2013-09-17T21:00:43.868504 #9608] DEBUG -- : REQUESTING PAGE: GET /about with {} and HTTP headers {"HTTP_REFERER"=>"/"}
D, [2013-09-17T21:00:43.877504 #9608] DEBUG -- : REQUESTING PAGE: GET /help with {} and HTTP headers {"HTTP_REFERER"=>"/about"}
D, [2013-09-17T21:00:43.887505 #9608] DEBUG -- : REQUESTING PAGE: GET / with {} and HTTP headers {"HTTP_REFERER"=>"/help"}
D, [2013-09-17T21:00:43.897506 #9608] DEBUG -- : REQUESTING PAGE: GET /signup with {} and HTTP headers {"HTTP_REFERER"=>"/"}
D, [2013-09-17T21:00:56.024199 #7364] DEBUG -- : REQUESTING PAGE: GET / with {} and HTTP headers {}
D, [2013-09-17T21:00:56.032200 #7364] DEBUG -- : REQUESTING PAGE: GET /about with {} and HTTP headers {"HTTP_REFERER"=>"/"}
D, [2013-09-17T21:00:56.041200 #7364] DEBUG -- : REQUESTING PAGE: GET /help with {} and HTTP headers {"HTTP_REFERER"=>"/about"}
D, [2013-09-17T21:00:56.050201 #7364] DEBUG -- : REQUESTING PAGE: GET / with {} and HTTP headers {"HTTP_REFERER"=>"/help"}
D, [2013-09-17T21:00:56.060201 #7364] DEBUG -- : REQUESTING PAGE: GET /signup with {} and HTTP headers {"HTTP_REFERER"=>"/"}
D, [2013-09-17T21:01:08.123891 #9812] DEBUG -- : REQUESTING PAGE: GET / with {} and HTTP headers {}
D, [2013-09-17T21:01:08.131892 #9812] DEBUG -- : REQUESTING PAGE: GET /about with {} and HTTP headers {"HTTP_REFERER"=>"/"}
D, [2013-09-17T21:01:08.140892 #9812] DEBUG -- : REQUESTING PAGE: GET /help with {} and HTTP headers {"HTTP_REFERER"=>"/about"}
D, [2013-09-17T21:01:08.150893 #9812] DEBUG -- : REQUESTING PAGE: GET / with {} and HTTP headers {"HTTP_REFERER"=>"/help"}
D, [2013-09-17T21:01:08.159893 #9812] DEBUG -- : REQUESTING PAGE: GET /signup with {} and HTTP headers {"HTTP_REFERER"=>"/"}
D, [2013-09-17T21:01:20.209583 #9808] DEBUG -- : REQUESTING PAGE: GET / with {} and HTTP headers {}
D, [2013-09-17T21:01:20.217583 #9808] DEBUG -- : REQUESTING PAGE: GET /about with {} and HTTP headers {"HTTP_REFERER"=>"/"}
D, [2013-09-17T21:01:20.225583 #9808] DEBUG -- : REQUESTING PAGE: GET /help with {} and HTTP headers {"HTTP_REFERER"=>"/about"}
D, [2013-09-17T21:01:20.235584 #9808] DEBUG -- : REQUESTING PAGE: GET / with {} and HTTP headers {"HTTP_REFERER"=>"/help"}
D, [2013-09-17T21:01:20.244585 #9808] DEBUG -- : REQUESTING PAGE: GET /signup with {} and HTTP headers {"HTTP_REFERER"=>"/"}
D, [2013-09-17T21:01:32.276273 #1932] DEBUG -- : REQUESTING PAGE: GET / with {} and HTTP headers {}
D, [2013-09-17T21:01:32.284273 #1932] DEBUG -- : REQUESTING PAGE: GET /about with {} and HTTP headers {"HTTP_REFERER"=>"/"}
D, [2013-09-17T21:01:32.293274 #1932] DEBUG -- : REQUESTING PAGE: GET /help with {} and HTTP headers {"HTTP_REFERER"=>"/about"}
D, [2013-09-17T21:01:32.302274 #1932] DEBUG -- : REQUESTING PAGE: GET / with {} and HTTP headers {"HTTP_REFERER"=>"/help"}
D, [2013-09-17T21:01:32.311275 #1932] DEBUG -- : REQUESTING PAGE: GET /signup with {} and HTTP headers {"HTTP_REFERER"=>"/"}
D, [2013-09-17T21:01:44.317961 #8888] DEBUG -- : REQUESTING PAGE: GET / with {} and HTTP headers {}
D, [2013-09-17T21:01:44.326962 #8888] DEBUG -- : REQUESTING PAGE: GET /about with {} and HTTP headers {"HTTP_REFERER"=>"/"}
D, [2013-09-17T21:01:44.335962 #8888] DEBUG -- : REQUESTING PAGE: GET /help with {} and HTTP headers {"HTTP_REFERER"=>"/about"}
D, [2013-09-17T21:01:44.344963 #8888] DEBUG -- : REQUESTING PAGE: GET / with {} and HTTP headers {"HTTP_REFERER"=>"/help"}
D, [2013-09-17T21:01:44.353963 #8888] DEBUG -- : REQUESTING PAGE: GET /signup with {} and HTTP headers {"HTTP_REFERER"=>"/"}
D, [2013-09-17T21:08:56.774697 #5248] DEBUG -- : REQUESTING PAGE: GET / with {} and HTTP headers {}
D, [2013-09-17T21:08:56.781697 #5248] DEBUG -- : REQUESTING PAGE: GET /about with {} and HTTP headers {"HTTP_REFERER"=>"/"}
D, [2013-09-17T21:08:56.790697 #5248] DEBUG -- : REQUESTING PAGE: GET /help with {} and HTTP headers {"HTTP_REFERER"=>"/about"}
D, [2013-09-17T21:08:56.800698 #5248] DEBUG -- : REQUESTING PAGE: GET / with {} and HTTP headers {"HTTP_REFERER"=>"/help"}
D, [2013-09-17T21:08:56.809699 #5248] DEBUG -- : REQUESTING PAGE: GET /signup with {} and HTTP headers {"HTTP_REFERER"=>"/"}
D, [2013-09-17T21:09:10.251467 #3432] DEBUG -- : REQUESTING PAGE: GET / with {} and HTTP headers {}
D, [2013-09-17T21:09:10.259468 #3432] DEBUG -- : REQUESTING PAGE: GET /about with {} and HTTP headers {"HTTP_REFERER"=>"/"}
D, [2013-09-17T21:09:10.267468 #3432] DEBUG -- : REQUESTING PAGE: GET /help with {} and HTTP headers {"HTTP_REFERER"=>"/about"}
D, [2013-09-17T21:09:10.277469 #3432] DEBUG -- : REQUESTING PAGE: GET / with {} and HTTP headers {"HTTP_REFERER"=>"/help"}
D, [2013-09-17T21:09:10.287469 #3432] DEBUG -- : REQUESTING PAGE: GET /signup with {} and HTTP headers {"HTTP_REFERER"=>"/"}
D, [2013-09-17T21:09:22.454165 #7456] DEBUG -- : REQUESTING PAGE: GET / with {} and HTTP headers {}
D, [2013-09-17T21:09:22.463166 #7456] DEBUG -- : REQUESTING PAGE: GET /about with {} and HTTP headers {"HTTP_REFERER"=>"/"}
D, [2013-09-17T21:09:22.472166 #7456] DEBUG -- : REQUESTING PAGE: GET /help with {} and HTTP headers {"HTTP_REFERER"=>"/about"}
D, [2013-09-17T21:09:22.482167 #7456] DEBUG -- : REQUESTING PAGE: GET / with {} and HTTP headers {"HTTP_REFERER"=>"/help"}
D, [2013-09-17T21:09:22.491167 #7456] DEBUG -- : REQUESTING PAGE: GET /signup with {} and HTTP headers {"HTTP_REFERER"=>"/"}
D, [2013-09-17T21:09:34.450851 #3616] DEBUG -- : REQUESTING PAGE: GET / with {} and HTTP headers {}
D, [2013-09-17T21:09:34.458852 #3616] DEBUG -- : REQUESTING PAGE: GET /about with {} and HTTP headers {"HTTP_REFERER"=>"/"}
D, [2013-09-17T21:09:34.467852 #3616] DEBUG -- : REQUESTING PAGE: GET /help with {} and HTTP headers {"HTTP_REFERER"=>"/about"}
D, [2013-09-17T21:09:34.476853 #3616] DEBUG -- : REQUESTING PAGE: GET / with {} and HTTP headers {"HTTP_REFERER"=>"/help"}
D, [2013-09-17T21:09:34.485853 #3616] DEBUG -- : REQUESTING PAGE: GET /signup with {} and HTTP headers {"HTTP_REFERER"=>"/"}
D, [2013-09-17T21:09:46.699552 #8576] DEBUG -- : REQUESTING PAGE: GET / with {} and HTTP headers {}
D, [2013-09-17T21:09:46.707553 #8576] DEBUG -- : REQUESTING PAGE: GET /about with {} and HTTP headers {"HTTP_REFERER"=>"/"}
D, [2013-09-17T21:09:46.715553 #8576] DEBUG -- : REQUESTING PAGE: GET /help with {} and HTTP headers {"HTTP_REFERER"=>"/about"}
D, [2013-09-17T21:09:46.724553 #8576] DEBUG -- : REQUESTING PAGE: GET / with {} and HTTP headers {"HTTP_REFERER"=>"/help"}
D, [2013-09-17T21:09:46.734554 #8576] DEBUG -- : REQUESTING PAGE: GET /signup with {} and HTTP headers {"HTTP_REFERER"=>"/"}
D, [2013-09-17T21:09:59.702296 #2424] DEBUG -- : REQUESTING PAGE: GET / with {} and HTTP headers {}
D, [2013-09-17T21:09:59.710296 #2424] DEBUG -- : REQUESTING PAGE: GET /about with {} and HTTP headers {"HTTP_REFERER"=>"/"}
D, [2013-09-17T21:09:59.720297 #2424] DEBUG -- : REQUESTING PAGE: GET /help with {} and HTTP headers {"HTTP_REFERER"=>"/about"}
D, [2013-09-17T21:09:59.732298 #2424] DEBUG -- : REQUESTING PAGE: GET / with {} and HTTP headers {"HTTP_REFERER"=>"/help"}
D, [2013-09-17T21:09:59.743298 #2424] DEBUG -- : REQUESTING PAGE: GET /signup with {} and HTTP headers {"HTTP_REFERER"=>"/"}
D, [2013-09-17T21:10:12.561031 #7104] DEBUG -- : REQUESTING PAGE: GET / with {} and HTTP headers {}
D, [2013-09-17T21:10:12.568032 #7104] DEBUG -- : REQUESTING PAGE: GET /about with {} and HTTP headers {"HTTP_REFERER"=>"/"}
D, [2013-09-17T21:10:12.577032 #7104] DEBUG -- : REQUESTING PAGE: GET /help with {} and HTTP headers {"HTTP_REFERER"=>"/about"}
D, [2013-09-17T21:10:12.588033 #7104] DEBUG -- : REQUESTING PAGE: GET / with {} and HTTP headers {"HTTP_REFERER"=>"/help"}
D, [2013-09-17T21:10:12.600033 #7104] DEBUG -- : REQUESTING PAGE: GET /signup with {} and HTTP headers {"HTTP_REFERER"=>"/"}
D, [2013-09-17T21:10:25.450769 #3328] DEBUG -- : REQUESTING PAGE: GET / with {} and HTTP headers {}
D, [2013-09-17T21:10:25.459769 #3328] DEBUG -- : REQUESTING PAGE: GET /about with {} and HTTP headers {"HTTP_REFERER"=>"/"}
D, [2013-09-17T21:10:25.468770 #3328] DEBUG -- : REQUESTING PAGE: GET /help with {} and HTTP headers {"HTTP_REFERER"=>"/about"}
D, [2013-09-17T21:10:25.477770 #3328] DEBUG -- : REQUESTING PAGE: GET / with {} and HTTP headers {"HTTP_REFERER"=>"/help"}
D, [2013-09-17T21:10:25.487771 #3328] DEBUG -- : REQUESTING PAGE: GET /signup with {} and HTTP headers {"HTTP_REFERER"=>"/"}
D, [2013-09-17T21:10:37.987486 #9692] DEBUG -- : REQUESTING PAGE: GET / with {} and HTTP headers {}
D, [2013-09-17T21:10:37.994486 #9692] DEBUG -- : REQUESTING PAGE: GET /about with {} and HTTP headers {"HTTP_REFERER"=>"/"}
D, [2013-09-17T21:10:38.003486 #9692] DEBUG -- : REQUESTING PAGE: GET /help with {} and HTTP headers {"HTTP_REFERER"=>"/about"}
D, [2013-09-17T21:10:38.012487 #9692] DEBUG -- : REQUESTING PAGE: GET / with {} and HTTP headers {"HTTP_REFERER"=>"/help"}
D, [2013-09-17T21:10:38.022488 #9692] DEBUG -- : REQUESTING PAGE: GET /signup with {} and HTTP headers {"HTTP_REFERER"=>"/"}
D, [2013-09-18T19:39:00.891530 #10568] DEBUG -- : REQUESTING PAGE: GET / with {} and HTTP headers {}
D, [2013-09-18T19:39:00.901531 #10568] DEBUG -- : REQUESTING PAGE: GET /about with {} and HTTP headers {"HTTP_REFERER"=>"/"}
D, [2013-09-18T19:39:00.912532 #10568] DEBUG -- : REQUESTING PAGE: GET /help with {} and HTTP headers {"HTTP_REFERER"=>"/about"}
D, [2013-09-18T19:39:00.924532 #10568] DEBUG -- : REQUESTING PAGE: GET / with {} and HTTP headers {"HTTP_REFERER"=>"/help"}
D, [2013-09-18T19:39:00.935533 #10568] DEBUG -- : REQUESTING PAGE: GET /signup with {} and HTTP headers {"HTTP_REFERER"=>"/"}
D, [2013-09-18T19:39:19.541597 #4168] DEBUG -- : REQUESTING PAGE: GET / with {} and HTTP headers {}
D, [2013-09-18T19:39:19.551598 #4168] DEBUG -- : REQUESTING PAGE: GET /about with {} and HTTP headers {"HTTP_REFERER"=>"/"}
D, [2013-09-18T19:39:19.563598 #4168] DEBUG -- : REQUESTING PAGE: GET /help with {} and HTTP headers {"HTTP_REFERER"=>"/about"}
D, [2013-09-18T19:39:19.577599 #4168] DEBUG -- : REQUESTING PAGE: GET / with {} and HTTP headers {"HTTP_REFERER"=>"/help"}
D, [2013-09-18T19:39:19.591600 #4168] DEBUG -- : REQUESTING PAGE: GET /signup with {} and HTTP headers {"HTTP_REFERER"=>"/"}
D, [2013-09-21T09:02:01.641977 #14132] DEBUG -- : REQUESTING PAGE: GET / with {} and HTTP headers {}
D, [2013-09-21T09:02:01.649978 #14132] DEBUG -- : REQUESTING PAGE: GET /about with {} and HTTP headers {"HTTP_REFERER"=>"/"}
D, [2013-09-21T09:02:01.658978 #14132] DEBUG -- : REQUESTING PAGE: GET /help with {} and HTTP headers {"HTTP_REFERER"=>"/about"}
D, [2013-09-21T09:02:01.667979 #14132] DEBUG -- : REQUESTING PAGE: GET / with {} and HTTP headers {"HTTP_REFERER"=>"/help"}
D, [2013-09-21T09:02:01.677979 #14132] DEBUG -- : REQUESTING PAGE: GET /signup with {} and HTTP headers {"HTTP_REFERER"=>"/"}
D, [2013-09-21T09:05:16.494122 #10252] DEBUG -- : REQUESTING PAGE: GET / with {} and HTTP headers {}
D, [2013-09-21T09:05:16.502123 #10252] DEBUG -- : REQUESTING PAGE: GET /about with {} and HTTP headers {"HTTP_REFERER"=>"/"}
D, [2013-09-21T09:05:16.511123 #10252] DEBUG -- : REQUESTING PAGE: GET /help with {} and HTTP headers {"HTTP_REFERER"=>"/about"}
D, [2013-09-21T09:05:16.520124 #10252] DEBUG -- : REQUESTING PAGE: GET / with {} and HTTP headers {"HTTP_REFERER"=>"/help"}
D, [2013-09-21T09:05:16.530124 #10252] DEBUG -- : REQUESTING PAGE: GET /signup with {} and HTTP headers {"HTTP_REFERER"=>"/"}
D, [2013-09-21T09:18:55.929991 #8800] DEBUG -- : REQUESTING PAGE: GET / with {} and HTTP headers {}
D, [2013-09-21T09:18:55.937992 #8800] DEBUG -- : REQUESTING PAGE: GET /about with {} and HTTP headers {"HTTP_REFERER"=>"/"}
D, [2013-09-21T09:18:55.946992 #8800] DEBUG -- : REQUESTING PAGE: GET /help with {} and HTTP headers {"HTTP_REFERER"=>"/about"}
D, [2013-09-21T09:18:55.955993 #8800] DEBUG -- : REQUESTING PAGE: GET / with {} and HTTP headers {"HTTP_REFERER"=>"/help"}
D, [2013-09-21T09:18:55.964993 #8800] DEBUG -- : REQUESTING PAGE: GET /signup with {} and HTTP headers {"HTTP_REFERER"=>"/"}
D, [2013-09-23T18:48:12.215033 #12260] DEBUG -- : REQUESTING PAGE: GET /signup with {} and HTTP headers {}
D, [2013-09-23T18:48:12.918074 #12260] DEBUG -- : REQUESTING PAGE: POST /users with {"utf8"=>"✓", "user"=>{"name"=>"", "email"=>"", "password"=>"", "password_confirmation"=>""}, "commit"=>"Sign up"} and HTTP headers {"HTTP_REFERER"=>"/signup"}
D, [2013-09-23T18:48:13.044081 #12260] DEBUG -- : REQUESTING PAGE: GET /signup with {} and HTTP headers {}
D, [2013-09-23T18:48:13.087083 #12260] DEBUG -- : REQUESTING PAGE: POST /users with {"utf8"=>"✓", "user"=>{"name"=>"Example User", "email"=>"user@example.com", "password"=>"foobar", "password_confirmation"=>"foobar"}, "commit"=>"Sign up"} and HTTP headers {"HTTP_REFERER"=>"/signup"}
D, [2013-09-23T18:48:13.194089 #12260] DEBUG -- : REQUESTING PAGE: GET http://www.example.com/users/1 with {} and HTTP headers {"HTTP_REFERER"=>"/users"}
D, [2013-09-23T19:07:43.149007 #14408] DEBUG -- : REQUESTING PAGE: GET / with {} and HTTP headers {}
D, [2013-09-23T19:07:43.177009 #14408] DEBUG -- : REQUESTING PAGE: GET /about with {} and HTTP headers {"HTTP_REFERER"=>"/"}
D, [2013-09-23T19:07:43.186009 #14408] DEBUG -- : REQUESTING PAGE: GET /help with {} and HTTP headers {"HTTP_REFERER"=>"/about"}
D, [2013-09-23T19:07:43.196010 #14408] DEBUG -- : REQUESTING PAGE: GET / with {} and HTTP headers {"HTTP_REFERER"=>"/help"}
D, [2013-09-23T19:07:43.205010 #14408] DEBUG -- : REQUESTING PAGE: GET /signup with {} and HTTP headers {"HTTP_REFERER"=>"/"}
D, [2013-09-23T19:07:43.221011 #14408] DEBUG -- : REQUESTING PAGE: GET /signup with {} and HTTP headers {}
D, [2013-09-23T19:07:43.265014 #14408] DEBUG -- : REQUESTING PAGE: POST /users with {"utf8"=>"✓", "user"=>{"name"=>"", "email"=>"", "password"=>"", "password_confirmation"=>""}, "commit"=>"Sign up"} and HTTP headers {"HTTP_REFERER"=>"/signup"}
D, [2013-09-23T19:07:43.294015 #14408] DEBUG -- : REQUESTING PAGE: GET /signup with {} and HTTP headers {}
D, [2013-09-23T19:07:43.311016 #14408] DEBUG -- : REQUESTING PAGE: POST /users with {"utf8"=>"✓", "user"=>{"name"=>"Example User", "email"=>"user@example.com", "password"=>"foobar", "password_confirmation"=>"foobar"}, "commit"=>"Sign up"} and HTTP headers {"HTTP_REFERER"=>"/signup"}
D, [2013-09-23T19:07:43.322017 #14408] DEBUG -- : REQUESTING PAGE: GET http://www.example.com/users/1 with {} and HTTP headers {"HTTP_REFERER"=>"/users"}
D, [2013-09-23T19:08:31.839792 #16876] DEBUG -- : REQUESTING PAGE: GET /signup with {} and HTTP headers {}
D, [2013-09-23T19:08:32.090806 #16876] DEBUG -- : REQUESTING PAGE: POST /users with {"utf8"=>"✓", "user"=>{"name"=>"", "email"=>"", "password"=>"", "password_confirmation"=>""}, "commit"=>"Sign up"} and HTTP headers {"HTTP_REFERER"=>"/signup"}
D, [2013-09-23T19:08:32.146810 #16876] DEBUG -- : REQUESTING PAGE: GET /signup with {} and HTTP headers {}
D, [2013-09-23T19:08:32.188812 #16876] DEBUG -- : REQUESTING PAGE: POST /users with {"utf8"=>"✓", "user"=>{"name"=>"Example User", "email"=>"user@example.com", "password"=>"foobar", "password_confirmation"=>"foobar"}, "commit"=>"Sign up"} and HTTP headers {"HTTP_REFERER"=>"/signup"}
D, [2013-09-23T19:08:32.233815 #16876] DEBUG -- : REQUESTING PAGE: GET http://www.example.com/users/1 with {} and HTTP headers {"HTTP_REFERER"=>"/users"}
D, [2013-09-23T19:11:32.141105 #16456] DEBUG -- : REQUESTING PAGE: GET / with {} and HTTP headers {}
D, [2013-09-23T19:11:32.149105 #16456] DEBUG -- : REQUESTING PAGE: GET /about with {} and HTTP headers {"HTTP_REFERER"=>"/"}
D, [2013-09-23T19:11:32.158106 #16456] DEBUG -- : REQUESTING PAGE: GET /help with {} and HTTP headers {"HTTP_REFERER"=>"/about"}
D, [2013-09-23T19:11:32.167106 #16456] DEBUG -- : REQUESTING PAGE: GET / with {} and HTTP headers {"HTTP_REFERER"=>"/help"}
D, [2013-09-23T19:11:32.177107 #16456] DEBUG -- : REQUESTING PAGE: GET /signup with {} and HTTP headers {"HTTP_REFERER"=>"/"}
D, [2013-09-23T19:11:32.195108 #16456] DEBUG -- : REQUESTING PAGE: GET /signup with {} and HTTP headers {}
D, [2013-09-23T19:11:32.241110 #16456] DEBUG -- : REQUESTING PAGE: POST /users with {"utf8"=>"✓", "user"=>{"name"=>"", "email"=>"", "password"=>"", "password_confirmation"=>""}, "commit"=>"Sign up"} and HTTP headers {"HTTP_REFERER"=>"/signup"}
D, [2013-09-23T19:11:32.270112 #16456] DEBUG -- : REQUESTING PAGE: GET /signup with {} and HTTP headers {}
D, [2013-09-23T19:11:32.287113 #16456] DEBUG -- : REQUESTING PAGE: POST /users with {"utf8"=>"✓", "user"=>{"name"=>"Example User", "email"=>"user@example.com", "password"=>"foobar", "password_confirmation"=>"foobar"}, "commit"=>"Sign up"} and HTTP headers {"HTTP_REFERER"=>"/signup"}
D, [2013-09-23T19:11:32.299114 #16456] DEBUG -- : REQUESTING PAGE: GET http://www.example.com/users/1 with {} and HTTP headers {"HTTP_REFERER"=>"/users"}
D, [2013-09-23T19:11:44.929836 #14720] DEBUG -- : REQUESTING PAGE: GET /signup with {} and HTTP headers {}
D, [2013-09-23T19:11:45.173850 #14720] DEBUG -- : REQUESTING PAGE: POST /users with {"utf8"=>"✓", "user"=>{"name"=>"", "email"=>"", "password"=>"", "password_confirmation"=>""}, "commit"=>"Sign up"} and HTTP headers {"HTTP_REFERER"=>"/signup"}
D, [2013-09-23T19:11:45.228853 #14720] DEBUG -- : REQUESTING PAGE: GET /signup with {} and HTTP headers {}
D, [2013-09-23T19:11:45.269856 #14720] DEBUG -- : REQUESTING PAGE: POST /users with {"utf8"=>"✓", "user"=>{"name"=>"Example User", "email"=>"user@example.com", "password"=>"foobar", "password_confirmation"=>"foobar"}, "commit"=>"Sign up"} and HTTP headers {"HTTP_REFERER"=>"/signup"}
D, [2013-09-23T19:11:45.309858 #14720] DEBUG -- : REQUESTING PAGE: GET http://www.example.com/users/1 with {} and HTTP headers {"HTTP_REFERER"=>"/users"}
D, [2013-09-23T19:11:57.751570 #11564] DEBUG -- : REQUESTING PAGE: GET /signup with {} and HTTP headers {}
D, [2013-09-23T19:11:58.000584 #11564] DEBUG -- : REQUESTING PAGE: POST /users with {"utf8"=>"✓", "user"=>{"name"=>"", "email"=>"", "password"=>"", "password_confirmation"=>""}, "commit"=>"Sign up"} and HTTP headers {"HTTP_REFERER"=>"/signup"}
D, [2013-09-23T19:11:58.055587 #11564] DEBUG -- : REQUESTING PAGE: GET /signup with {} and HTTP headers {}
D, [2013-09-23T19:11:58.096589 #11564] DEBUG -- : REQUESTING PAGE: POST /users with {"utf8"=>"✓", "user"=>{"name"=>"Example User", "email"=>"user@example.com", "password"=>"foobar", "password_confirmation"=>"foobar"}, "commit"=>"Sign up"} and HTTP headers {"HTTP_REFERER"=>"/signup"}
D, [2013-09-23T19:11:58.137592 #11564] DEBUG -- : REQUESTING PAGE: GET http://www.example.com/users/1 with {} and HTTP headers {"HTTP_REFERER"=>"/users"}
D, [2013-09-23T19:12:10.463297 #8680] DEBUG -- : REQUESTING PAGE: GET /signup with {} and HTTP headers {}
D, [2013-09-23T19:12:10.723311 #8680] DEBUG -- : REQUESTING PAGE: POST /users with {"utf8"=>"✓", "user"=>{"name"=>"", "email"=>"", "password"=>"", "password_confirmation"=>""}, "commit"=>"Sign up"} and HTTP headers {"HTTP_REFERER"=>"/signup"}
D, [2013-09-23T19:12:10.782315 #8680] DEBUG -- : REQUESTING PAGE: GET /signup with {} and HTTP headers {}
D, [2013-09-23T19:12:10.824317 #8680] DEBUG -- : REQUESTING PAGE: POST /users with {"utf8"=>"✓", "user"=>{"name"=>"Example User", "email"=>"user@example.com", "password"=>"foobar", "password_confirmation"=>"foobar"}, "commit"=>"Sign up"} and HTTP headers {"HTTP_REFERER"=>"/signup"}
D, [2013-09-23T19:12:10.866320 #8680] DEBUG -- : REQUESTING PAGE: GET http://www.example.com/users/1 with {} and HTTP headers {"HTTP_REFERER"=>"/users"}
D, [2013-09-23T19:12:23.210026 #14076] DEBUG -- : REQUESTING PAGE: GET /signup with {} and HTTP headers {}
D, [2013-09-23T19:12:23.459040 #14076] DEBUG -- : REQUESTING PAGE: POST /users with {"utf8"=>"✓", "user"=>{"name"=>"", "email"=>"", "password"=>"", "password_confirmation"=>""}, "commit"=>"Sign up"} and HTTP headers {"HTTP_REFERER"=>"/signup"}
D, [2013-09-23T19:12:23.515043 #14076] DEBUG -- : REQUESTING PAGE: GET /signup with {} and HTTP headers {}
D, [2013-09-23T19:12:23.557046 #14076] DEBUG -- : REQUESTING PAGE: POST /users with {"utf8"=>"✓", "user"=>{"name"=>"Example User", "email"=>"user@example.com", "password"=>"foobar", "password_confirmation"=>"foobar"}, "commit"=>"Sign up"} and HTTP headers {"HTTP_REFERER"=>"/signup"}
D, [2013-09-23T19:12:23.597048 #14076] DEBUG -- : REQUESTING PAGE: GET http://www.example.com/users/1 with {} and HTTP headers {"HTTP_REFERER"=>"/users"}
D, [2013-09-23T19:12:35.772744 #13760] DEBUG -- : REQUESTING PAGE: GET /signup with {} and HTTP headers {}
D, [2013-09-23T19:12:36.015758 #13760] DEBUG -- : REQUESTING PAGE: POST /users with {"utf8"=>"✓", "user"=>{"name"=>"", "email"=>"", "password"=>"", "password_confirmation"=>""}, "commit"=>"Sign up"} and HTTP headers {"HTTP_REFERER"=>"/signup"}
D, [2013-09-23T19:12:36.070761 #13760] DEBUG -- : REQUESTING PAGE: GET /signup with {} and HTTP headers {}
D, [2013-09-23T19:12:36.111764 #13760] DEBUG -- : REQUESTING PAGE: POST /users with {"utf8"=>"✓", "user"=>{"name"=>"Example User", "email"=>"user@example.com", "password"=>"foobar", "password_confirmation"=>"foobar"}, "commit"=>"Sign up"} and HTTP headers {"HTTP_REFERER"=>"/signup"}
D, [2013-09-23T19:12:36.152766 #13760] DEBUG -- : REQUESTING PAGE: GET http://www.example.com/users/1 with {} and HTTP headers {"HTTP_REFERER"=>"/users"}
D, [2013-09-23T19:12:48.391466 #1268] DEBUG -- : REQUESTING PAGE: GET /signup with {} and HTTP headers {}
D, [2013-09-23T19:12:48.634480 #1268] DEBUG -- : REQUESTING PAGE: POST /users with {"utf8"=>"✓", "user"=>{"name"=>"", "email"=>"", "password"=>"", "password_confirmation"=>""}, "commit"=>"Sign up"} and HTTP headers {"HTTP_REFERER"=>"/signup"}
D, [2013-09-23T19:12:48.689483 #1268] DEBUG -- : REQUESTING PAGE: GET /signup with {} and HTTP headers {}
D, [2013-09-23T19:12:48.730485 #1268] DEBUG -- : REQUESTING PAGE: POST /users with {"utf8"=>"✓", "user"=>{"name"=>"Example User", "email"=>"user@example.com", "password"=>"foobar", "password_confirmation"=>"foobar"}, "commit"=>"Sign up"} and HTTP headers {"HTTP_REFERER"=>"/signup"}
D, [2013-09-23T19:12:48.770488 #1268] DEBUG -- : REQUESTING PAGE: GET http://www.example.com/users/1 with {} and HTTP headers {"HTTP_REFERER"=>"/users"}
D, [2013-09-23T19:13:01.063191 #13016] DEBUG -- : REQUESTING PAGE: GET /signup with {} and HTTP headers {}
D, [2013-09-23T19:13:01.308205 #13016] DEBUG -- : REQUESTING PAGE: POST /users with {"utf8"=>"✓", "user"=>{"name"=>"", "email"=>"", "password"=>"", "password_confirmation"=>""}, "commit"=>"Sign up"} and HTTP headers {"HTTP_REFERER"=>"/signup"}
D, [2013-09-23T19:13:01.362208 #13016] DEBUG -- : REQUESTING PAGE: GET /signup with {} and HTTP headers {}
D, [2013-09-23T19:13:01.403210 #13016] DEBUG -- : REQUESTING PAGE: POST /users with {"utf8"=>"✓", "user"=>{"name"=>"Example User", "email"=>"user@example.com", "password"=>"foobar", "password_confirmation"=>"foobar"}, "commit"=>"Sign up"} and HTTP headers {"HTTP_REFERER"=>"/signup"}
D, [2013-09-23T19:13:01.442212 #13016] DEBUG -- : REQUESTING PAGE: GET http://www.example.com/users/1 with {} and HTTP headers {"HTTP_REFERER"=>"/users"}
D, [2013-09-23T19:13:13.623909 #15432] DEBUG -- : REQUESTING PAGE: GET /signup with {} and HTTP headers {}
D, [2013-09-23T19:13:13.870923 #15432] DEBUG -- : REQUESTING PAGE: POST /users with {"utf8"=>"✓", "user"=>{"name"=>"", "email"=>"", "password"=>"", "password_confirmation"=>""}, "commit"=>"Sign up"} and HTTP headers {"HTTP_REFERER"=>"/signup"}
D, [2013-09-23T19:13:13.928927 #15432] DEBUG -- : REQUESTING PAGE: GET /signup with {} and HTTP headers {}
D, [2013-09-23T19:13:13.968929 #15432] DEBUG -- : REQUESTING PAGE: POST /users with {"utf8"=>"✓", "user"=>{"name"=>"Example User", "email"=>"user@example.com", "password"=>"foobar", "password_confirmation"=>"foobar"}, "commit"=>"Sign up"} and HTTP headers {"HTTP_REFERER"=>"/signup"}
D, [2013-09-23T19:13:14.009931 #15432] DEBUG -- : REQUESTING PAGE: GET http://www.example.com/users/1 with {} and HTTP headers {"HTTP_REFERER"=>"/users"}
D, [2013-09-23T19:13:26.216629 #14120] DEBUG -- : REQUESTING PAGE: GET /signup with {} and HTTP headers {}
D, [2013-09-23T19:13:26.460643 #14120] DEBUG -- : REQUESTING PAGE: POST /users with {"utf8"=>"✓", "user"=>{"name"=>"", "email"=>"", "password"=>"", "password_confirmation"=>""}, "commit"=>"Sign up"} and HTTP headers {"HTTP_REFERER"=>"/signup"}
D, [2013-09-23T19:13:26.515647 #14120] DEBUG -- : REQUESTING PAGE: GET /signup with {} and HTTP headers {}
D, [2013-09-23T19:13:26.555649 #14120] DEBUG -- : REQUESTING PAGE: POST /users with {"utf8"=>"✓", "user"=>{"name"=>"Example User", "email"=>"user@example.com", "password"=>"foobar", "password_confirmation"=>"foobar"}, "commit"=>"Sign up"} and HTTP headers {"HTTP_REFERER"=>"/signup"}
D, [2013-09-23T19:13:26.594651 #14120] DEBUG -- : REQUESTING PAGE: GET http://www.example.com/users/1 with {} and HTTP headers {"HTTP_REFERER"=>"/users"}
D, [2013-09-23T19:13:39.077365 #3528] DEBUG -- : REQUESTING PAGE: GET /signup with {} and HTTP headers {}
D, [2013-09-23T19:13:39.329379 #3528] DEBUG -- : REQUESTING PAGE: POST /users with {"utf8"=>"✓", "user"=>{"name"=>"", "email"=>"", "password"=>"", "password_confirmation"=>""}, "commit"=>"Sign up"} and HTTP headers {"HTTP_REFERER"=>"/signup"}
D, [2013-09-23T19:13:39.385383 #3528] DEBUG -- : REQUESTING PAGE: GET /signup with {} and HTTP headers {}
D, [2013-09-23T19:13:39.427385 #3528] DEBUG -- : REQUESTING PAGE: POST /users with {"utf8"=>"✓", "user"=>{"name"=>"Example User", "email"=>"user@example.com", "password"=>"foobar", "password_confirmation"=>"foobar"}, "commit"=>"Sign up"} and HTTP headers {"HTTP_REFERER"=>"/signup"}
D, [2013-09-23T19:13:39.468387 #3528] DEBUG -- : REQUESTING PAGE: GET http://www.example.com/users/1 with {} and HTTP headers {"HTTP_REFERER"=>"/users"}
D, [2013-09-23T19:13:51.617082 #15668] DEBUG -- : REQUESTING PAGE: GET /signup with {} and HTTP headers {}
D, [2013-09-23T19:13:51.859096 #15668] DEBUG -- : REQUESTING PAGE: POST /users with {"utf8"=>"✓", "user"=>{"name"=>"", "email"=>"", "password"=>"", "password_confirmation"=>""}, "commit"=>"Sign up"} and HTTP headers {"HTTP_REFERER"=>"/signup"}
D, [2013-09-23T19:13:51.913099 #15668] DEBUG -- : REQUESTING PAGE: GET /signup with {} and HTTP headers {}
D, [2013-09-23T19:13:51.954102 #15668] DEBUG -- : REQUESTING PAGE: POST /users with {"utf8"=>"✓", "user"=>{"name"=>"Example User", "email"=>"user@example.com", "password"=>"foobar", "password_confirmation"=>"foobar"}, "commit"=>"Sign up"} and HTTP headers {"HTTP_REFERER"=>"/signup"}
D, [2013-09-23T19:13:51.995104 #15668] DEBUG -- : REQUESTING PAGE: GET http://www.example.com/users/1 with {} and HTTP headers {"HTTP_REFERER"=>"/users"}
D, [2013-09-23T19:14:05.306865 #15348] DEBUG -- : REQUESTING PAGE: GET / with {} and HTTP headers {}
D, [2013-09-23T19:14:05.315866 #15348] DEBUG -- : REQUESTING PAGE: GET /about with {} and HTTP headers {"HTTP_REFERER"=>"/"}
D, [2013-09-23T19:14:05.324866 #15348] DEBUG -- : REQUESTING PAGE: GET /help with {} and HTTP headers {"HTTP_REFERER"=>"/about"}
D, [2013-09-23T19:14:05.333867 #15348] DEBUG -- : REQUESTING PAGE: GET / with {} and HTTP headers {"HTTP_REFERER"=>"/help"}
D, [2013-09-23T19:14:05.343867 #15348] DEBUG -- : REQUESTING PAGE: GET /signup with {} and HTTP headers {"HTTP_REFERER"=>"/"}
D, [2013-09-23T19:14:05.359868 #15348] DEBUG -- : REQUESTING PAGE: GET /signup with {} and HTTP headers {}
D, [2013-09-23T19:14:05.404871 #15348] DEBUG -- : REQUESTING PAGE: POST /users with {"utf8"=>"✓", "user"=>{"name"=>"", "email"=>"", "password"=>"", "password_confirmation"=>""}, "commit"=>"Sign up"} and HTTP headers {"HTTP_REFERER"=>"/signup"}
D, [2013-09-23T19:14:05.433873 #15348] DEBUG -- : REQUESTING PAGE: GET /signup with {} and HTTP headers {}
D, [2013-09-23T19:14:05.449873 #15348] DEBUG -- : REQUESTING PAGE: POST /users with {"utf8"=>"✓", "user"=>{"name"=>"Example User", "email"=>"user@example.com", "password"=>"foobar", "password_confirmation"=>"foobar"}, "commit"=>"Sign up"} and HTTP headers {"HTTP_REFERER"=>"/signup"}
D, [2013-09-23T19:14:05.461874 #15348] DEBUG -- : REQUESTING PAGE: GET http://www.example.com/users/1 with {} and HTTP headers {"HTTP_REFERER"=>"/users"}
